<?xml version="1.0" encoding="UTF-8"?><TestSessionContainer xmlns="http://www.codecover.org/xml/testsession-container" Date="1388920317717" TestSessionContainerId="07585776-7148-438e-b728-0aaf76e35529" version="1.0">
<SrcFileList>
<SrcFile Content="/**&#13;&#10; * &#13;&#10; */&#13;&#10;package blackjack;&#13;&#10;&#13;&#10;/**&#13;&#10; * @author Mario&#13;&#10; *&#13;&#10; */&#13;&#10;public class Randomizer implements Randomizable {&#13;&#10;&#13;&#10;&#9;/**&#13;&#10;&#9; * &#13;&#10;&#9; */&#13;&#10;&#9;public Randomizer() {&#13;&#10;&#9;&#9;// TODO Stub di costruttore generato automaticamente&#13;&#10;&#9;}&#13;&#10;&#13;&#10;&#9;/* (non Javadoc)&#13;&#10;&#9; * @see blackjack.Randomizable#getRandom()&#13;&#10;&#9; */&#13;&#10;&#9;@Override&#13;&#10;&#9;public double getCard() {&#13;&#10;&#9;&#9;return Math.random(); //necessita azzeramento del seme?&#13;&#10;&#9;}&#13;&#10;&#13;&#10;}&#13;&#10;" Filename="Randomizer.java" Intrnl_Id="1"/>
<SrcFile Content="/**&#13;&#10; * &#13;&#10; */&#13;&#10;package blackjack;&#13;&#10;&#13;&#10;/**&#13;&#10; * @author Mario&#13;&#10; *&#13;&#10; */&#13;&#10;public interface Randomizable {&#13;&#10;&#9;public double getCard();&#13;&#10;}&#13;&#10;" Filename="Randomizable.java" Intrnl_Id="2"/>
<SrcFile Content="package blackjack;&#13;&#10;&#13;&#10;import javax.swing.JFrame;&#13;&#10;&#13;&#10;public class Black extends JFrame { // eredito i metodi e gli attributi della&#13;&#10;&#9;&#9;&#9;&#9;&#9;&#9;&#9;&#9;&#9;// classe JFrame&#13;&#10;&#13;&#10;&#9;private static final long serialVersionUID = 3781469417039574636L;&#13;&#10;&#13;&#10;&#9;public Black() { // costruttore&#13;&#10;&#9;&#9;setTitle(&quot;BlackJack ??? ??? ??? ??? &quot;);&#13;&#10;&#9;&#9;Randomizable rand = new Randomizer();&#13;&#10;&#9;&#9;Apple tuna = new Apple(rand);&#13;&#10;&#9;&#9;add(tuna);&#13;&#10;&#9;&#9;setBounds(100, 80, 500, 300);&#13;&#10;&#9;&#9;setVisible(true);&#13;&#10;&#9;&#9;setResizable(false);&#13;&#10;&#9;&#9;setDefaultCloseOperation(JFrame.EXIT_ON_CLOSE);&#13;&#10;&#9;}&#13;&#10;&#10;&#9;public static void main(String[] args) { // richiamo del costruttore&#13;&#10;&#9;&#9;new Black();&#13;&#10;&#13;&#10;&#9;}&#13;&#10;&#13;&#10;}&#13;&#10;" Filename="Black.java" Intrnl_Id="3"/>
<SrcFile Content="package blackjack;&#13;&#10;&#13;&#10;import java.awt.Color;&#13;&#10;import java.awt.Font;&#13;&#10;import java.awt.event.ActionEvent;&#13;&#10;import java.awt.event.ActionListener;&#13;&#10;&#13;&#10;import javax.swing.JButton;&#13;&#10;import javax.swing.JOptionPane;&#13;&#10;import javax.swing.JPanel;&#13;&#10;import javax.swing.JTextArea;&#13;&#10;import javax.swing.JTextField;&#13;&#10;&#13;&#10;&#13;&#10;public class Apple extends JPanel { // la classe apple eredita i metodi e gli&#13;&#10;&#9;&#9;&#9;&#9;&#9;&#9;&#9;&#9;&#9;// attributi della classe JPanel&#13;&#10;&#13;&#10;&#9;public class Ascoltatore implements ActionListener { // eredito il metodo&#13;&#10;&#9;&#9;&#9;&#9;&#9;&#9;&#9;&#9;&#9;&#9;&#9;&#9;&#9;&#9;&#9;// ActionPerformed&#13;&#10;&#13;&#10;&#9;&#9;public void actionPerformed(ActionEvent e) {&#13;&#10;&#9;&#9;&#9;String tmp = e.getActionCommand();&#13;&#10;&#13;&#10;&#9;&#9;&#9;if (tmp == &quot;start&quot;) {&#13;&#10;&#9;&#9;&#9;&#9;field.setText(&quot;&quot;);&#13;&#10;&#9;&#9;&#9;&#9;area.setText(&quot;Player\n&quot;);&#13;&#10;&#9;&#9;&#9;&#9;player = 1 + (int) (Math.random() * 12) + 1;&#13;&#10;&#9;&#9;&#9;&#9;player = control(player);&#13;&#10;&#9;&#9;&#9;&#9;x = (int) (Math.random() * 12) + 1;&#13;&#10;&#9;&#9;&#9;&#9;x = control(x);&#13;&#10;&#9;&#9;&#9;&#9;player += x;&#13;&#10;&#9;&#9;&#9;&#9;if (player == 21)&#13;&#10;&#9;&#9;&#9;&#9;&#9;field.setText(&quot;21 Vittoria Grande Baldoria!&quot;);&#13;&#10;&#9;&#9;&#9;&#9;out = false;&#13;&#10;&#9;&#9;&#9;}&#13;&#10;&#13;&#10;&#9;&#9;&#9;if (tmp == &quot;stand&quot;) {&#13;&#10;&#9;&#9;&#9;&#9;if (out != true) {&#13;&#10;&#9;&#9;&#9;&#9;&#9;x = (int) (Math.random() * 12) + 1;&#13;&#10;&#9;&#9;&#9;&#9;&#9;x = control(x);&#13;&#10;&#9;&#9;&#9;&#9;&#9;player += x;&#13;&#10;&#9;&#9;&#9;&#9;&#9;if (player &gt; 20) {&#13;&#10;&#9;&#9;&#9;&#9;&#9;&#9;field.setText(&quot;Busted!&quot;);&#13;&#10;&#9;&#9;&#9;&#9;&#9;&#9;out = true;&#13;&#10;&#9;&#9;&#9;&#9;&#9;&#9;state_cpu += 1;&#13;&#10;&#9;&#9;&#9;&#9;&#9;&#9;area_score.setText(&quot;Player: &quot; + state_player&#13;&#10;&#9;&#9;&#9;&#9;&#9;&#9;&#9;&#9;+ &quot;\n\nCpu: &quot; + state_cpu);&#13;&#10;&#9;&#9;&#9;&#9;&#9;} else if (player == 21)&#13;&#10;&#9;&#9;&#9;&#9;&#9;&#9;field.setText(&quot;BlackJack!&quot;);&#13;&#10;&#9;&#9;&#9;&#9;} else&#13;&#10;&#9;&#9;&#9;&#9;&#9;JOptionPane.showMessageDialog(null, &quot;push start!&quot;, &quot;&quot;,&#13;&#10;&#9;&#9;&#9;&#9;&#9;&#9;&#9;JOptionPane.ERROR_MESSAGE);&#13;&#10;&#9;&#9;&#9;}&#13;&#10;&#9;&#9;&#9;if (tmp == &quot;hit&quot;) {&#13;&#10;&#9;&#9;&#9;&#9;if (out != true) {&#13;&#10;&#9;&#9;&#9;&#9;&#9;out = true;&#13;&#10;&#9;&#9;&#9;&#9;&#9;area.setText(area.getText() + &quot;\n\nCpu\n&quot;);&#13;&#10;&#9;&#9;&#9;&#9;&#9;cpu();&#13;&#10;&#9;&#9;&#9;&#9;} else&#13;&#10;&#9;&#9;&#9;&#9;&#9;JOptionPane.showMessageDialog(null, &quot;push start!&quot;, &quot;&quot;,&#13;&#10;&#9;&#9;&#9;&#9;&#9;&#9;&#9;JOptionPane.ERROR_MESSAGE);&#13;&#10;&#9;&#9;&#9;}&#13;&#10;&#9;&#9;}&#13;&#10;&#13;&#10;&#9;}&#13;&#10;&#13;&#10;&#9;private static final long serialVersionUID = -4708058535472595126L;&#13;&#10;&#9;private JButton b[] = { new JButton(&quot;hit&quot;), new JButton(&quot;stand&quot;),&#13;&#10;&#9;&#9;&#9;new JButton(&quot;start&quot;) };&#13;&#10;&#9;private JTextArea area, area_score;&#13;&#10;&#13;&#10;&#9;private JTextField field;&#13;&#10;&#13;&#10;&#9;private int player;&#13;&#10;&#13;&#10;&#9;private int x;&#13;&#10;&#9;private int cpu;&#13;&#10;&#9;private int state_player;&#13;&#10;&#9;private int state_cpu;&#13;&#10;&#9;private boolean out = true;&#13;&#10;&#9;private Randomizable rand;&#13;&#10;&#9;&#13;&#10;&#9;public Apple(Randomizable rand) { // costruttore campo da gioco&#13;&#10;&#9;&#9;area = new JTextArea();&#13;&#10;&#9;&#9;field = new JTextField();&#13;&#10;&#9;&#9;area_score = new JTextArea();&#13;&#10;&#9;&#9;&#13;&#10;&#9;&#9;this.rand = rand;&#13;&#10;&#13;&#10;&#9;&#9;area.setName(&quot;area&quot;);&#13;&#10;&#9;&#9;field.setName(&quot;field&quot;);&#13;&#10;&#9;&#9;area_score.setName(&quot;area_score&quot;);&#13;&#10;&#13;&#10;&#9;&#9;add(field);&#13;&#10;&#9;&#9;add(area_score);&#13;&#10;&#9;&#9;add(area);&#13;&#10;&#9;&#9;setLayout(null);&#13;&#10;&#9;&#9;setBackground(Color.BLACK);&#13;&#10;&#9;&#9;setBounds(100, 80, 520, 300);&#13;&#10;&#13;&#10;&#9;&#9;for (int i = 0, y = 0; i &lt; 3; i++, y += 20) {&#13;&#10;&#9;&#9;&#9;b[i].addActionListener(new Ascoltatore());&#13;&#10;&#9;&#9;&#9;b[i].setBounds(20, 20 + y, 100, 20);&#13;&#10;&#9;&#9;&#9;add(b[i]);&#13;&#10;&#9;&#9;}&#13;&#10;&#13;&#10;&#9;&#9;area.setBounds(140, 20, 325, 200);&#13;&#10;&#9;&#9;area.setFont(new Font(&quot;Sanserif&quot;, Font.ITALIC, 25));&#13;&#10;&#9;&#9;area.setBackground(Color.LIGHT_GRAY);&#13;&#10;&#9;&#9;area.setEditable(false);&#13;&#10;&#9;&#9;field.setEditable(false);&#13;&#10;&#9;&#9;field.setBounds(140, 228, 325, 20);&#13;&#10;&#9;&#9;field.setFont(new Font(&quot;Sanserif&quot;, Font.BOLD, 15));&#13;&#10;&#9;&#9;field.setBackground(Color.LIGHT_GRAY);&#13;&#10;&#9;&#9;area_score.setBackground(Color.GREEN);&#13;&#10;&#9;&#9;area_score.setForeground(Color.BLACK);&#13;&#10;&#9;&#9;area_score.setFont(new Font(&quot;Sanserif&quot;, Font.BOLD, 23));&#13;&#10;&#9;&#9;area_score.setBounds(20, 120, 95, 90);&#13;&#10;&#9;&#9;area_score.setEditable(false);&#13;&#10;&#9;}&#13;&#10;&#13;&#10;&#9;public int control(int p) { // metodo di controllo per stabilire se il&#13;&#10;&#9;&#9;&#9;&#9;&#9;&#9;&#9;&#9;// valore generato ? una figura, in tal caso&#13;&#10;&#9;&#9;&#9;&#9;&#9;&#9;&#9;&#9;// ritono il relativo valore&#13;&#10;&#13;&#10;&#9;&#9;if (p &gt;= 2 &amp;&amp; p &lt;= 10) {&#13;&#10;&#9;&#9;&#9;area.setText(area.getText() + &quot; &quot; + p);&#13;&#10;&#9;&#9;&#9;return p;&#13;&#10;&#9;&#9;}&#13;&#10;&#9;&#9;if (p == 1) {&#13;&#10;&#9;&#9;&#9;area.setText(area.getText() + &quot; A&quot;);&#13;&#10;&#9;&#9;&#9;return 11;&#13;&#10;&#9;&#9;} else {&#13;&#10;&#9;&#9;&#9;if (p == 13)&#13;&#10;&#9;&#9;&#9;&#9;area.setText(area.getText() + &quot; K&quot;);&#13;&#10;&#9;&#9;&#9;else if (p == 12)&#13;&#10;&#9;&#9;&#9;&#9;area.setText(area.getText() + &quot; Q&quot;);&#13;&#10;&#9;&#9;&#9;else if (p == 11)&#13;&#10;&#9;&#9;&#9;&#9;area.setText(area.getText() + &quot; Q&quot;);&#13;&#10;&#9;&#9;&#9;return 10;&#13;&#10;&#9;&#9;}&#13;&#10;&#13;&#10;&#9;}&#13;&#10;&#13;&#10;&#9;public void cpu() { // metodo cpu simula la giocata da parte della cpu&#13;&#10;&#9;&#9;&#9;&#9;&#9;&#9;// tramite un semplice while&#13;&#10;&#9;&#9;cpu = (int) (rand.getCard() * 12) + 1;&#13;&#10;&#9;&#9;cpu = control(cpu);&#13;&#10;&#9;&#9;x = (int) (rand.getCard() * 12) + 1;&#13;&#10;&#9;&#9;x = control(x);&#13;&#10;&#9;&#9;cpu += x;&#13;&#10;&#9;&#9;while (cpu &lt; player) { // tramite questa istruzione il programma non fa&#13;&#10;&#9;&#9;&#9;&#9;&#9;&#9;&#9;&#9;// altro ke generare un numero rand finche la&#13;&#10;&#9;&#9;&#9;&#9;&#9;&#9;&#9;&#9;// somma dei valori usciti non supera quella&#13;&#10;&#9;&#9;&#9;&#9;&#9;&#9;&#9;&#9;// della giocatore&#13;&#10;&#9;&#9;&#9;x = (int) (rand.getCard() * 12) + 1;&#13;&#10;&#9;&#9;&#9;cpu += control(x);&#13;&#10;&#9;&#9;}&#13;&#10;&#9;&#9;if (cpu &gt; 21) {&#13;&#10;&#9;&#9;&#9;field.setText(&quot;Win!&quot;);&#13;&#10;&#9;&#9;&#9;state_player += 1;&#13;&#10;&#9;&#9;&#9;area_score.setText(&quot;Player: &quot; + state_player + &quot;\n\nCpu: &quot;&#13;&#10;&#9;&#9;&#9;&#9;&#9;+ state_cpu);&#13;&#10;&#9;&#9;} else {&#13;&#10;&#9;&#9;&#9;field.setText(&quot;Lose!&quot;);&#13;&#10;&#9;&#9;&#9;state_cpu += 1;&#13;&#10;&#9;&#9;&#9;area_score.setText(&quot;Player: &quot; + state_player + &quot;\n\nCpu: &quot;&#13;&#10;&#9;&#9;&#9;&#9;&#9;+ state_cpu);&#13;&#10;&#9;&#9;}&#13;&#10;&#9;&#9;cpu = 0;&#13;&#10;&#13;&#10;&#9;}&#13;&#10;&#13;&#10;&#9;public JTextArea getArea() {&#13;&#10;&#9;&#9;return area;&#13;&#10;&#9;}&#13;&#10;&#13;&#10;&#9;/**&#13;&#10;&#9; * @return area_score&#13;&#10;&#9; */&#13;&#10;&#9;public String getArea_scoreText() {&#13;&#10;&#9;&#9;return area_score.getText();&#13;&#10;&#9;}&#13;&#10;&#13;&#10;&#9;/**&#13;&#10;&#9; * @return cpu&#13;&#10;&#9; */&#13;&#10;&#9;public int getCpu() {&#13;&#10;&#9;&#9;return cpu;&#13;&#10;&#9;}&#13;&#10;&#13;&#10;&#9;/**&#13;&#10;&#9; * @return field&#13;&#10;&#9; */&#13;&#10;&#9;public String getFieldText() {&#13;&#10;&#9;&#9;return field.getText();&#13;&#10;&#9;}&#13;&#10;&#13;&#10;&#9;/**&#13;&#10;&#9; * @return player&#13;&#10;&#9; */&#13;&#10;&#9;public int getPlayer() {&#13;&#10;&#9;&#9;return player;&#13;&#10;&#9;}&#13;&#10;&#13;&#10;&#9;/**&#13;&#10;&#9; * @return state_cpu&#13;&#10;&#9; */&#13;&#10;&#9;public int getState_cpu() {&#13;&#10;&#9;&#9;return state_cpu;&#13;&#10;&#9;}&#13;&#10;&#13;&#10;&#9;/**&#13;&#10;&#9; * @return state_player&#13;&#10;&#9; */&#13;&#10;&#9;public int getState_player() {&#13;&#10;&#9;&#9;return state_player;&#13;&#10;&#9;}&#13;&#10;&#13;&#10;&#9;public void setArea(JTextArea area) {&#13;&#10;&#9;&#9;this.area = area;&#13;&#10;&#9;}&#13;&#10;&#13;&#10;&#9;/**&#13;&#10;&#9; * @param area_score area_score da impostare&#13;&#10;&#9; */&#13;&#10;&#9;public void setArea_scoreText(String area_score) {&#13;&#10;&#9;&#9;this.area_score.setText(area_score);&#13;&#10;&#9;}&#13;&#10;&#13;&#10;&#9;/**&#13;&#10;&#9; * @param cpu cpu da impostare&#13;&#10;&#9; */&#13;&#10;&#9;public void setCpu(int cpu) {&#13;&#10;&#9;&#9;this.cpu = cpu;&#13;&#10;&#9;}&#13;&#10;&#13;&#10;&#9;/**&#13;&#10;&#9; * @param field field da impostare&#13;&#10;&#9; */&#13;&#10;&#9;public void setFieldText(String field) {&#13;&#10;&#9;&#9;this.field.setText(field);&#13;&#10;&#9;}&#13;&#10;&#13;&#10;&#9;/**&#13;&#10;&#9; * @param player player da impostare&#13;&#10;&#9; */&#13;&#10;&#9;public void setPlayer(int player) {&#13;&#10;&#9;&#9;this.player = player;&#13;&#10;&#9;}&#13;&#10;&#9;/**&#13;&#10;&#9; * @param state_cpu state_cpu da impostare&#13;&#10;&#9; */&#13;&#10;&#9;public void setState_cpu(int state_cpu) {&#13;&#10;&#9;&#9;this.state_cpu = state_cpu;&#13;&#10;&#9;}&#13;&#10;&#13;&#10;&#9;/**&#13;&#10;&#9; * @param state_player state_player da impostare&#13;&#10;&#9; */&#13;&#10;&#9;public void setState_player(int state_player) {&#13;&#10;&#9;&#9;this.state_player = state_player;&#13;&#10;&#9;}&#13;&#10;}" Filename="Apple.java" Intrnl_Id="4"/>
</SrcFileList>
<CritList>
<CritListEntry Name="org.codecover.model.utils.criteria.LoopCoverage" PluginName="org.codecover"/>
<CritListEntry Name="org.codecover.model.utils.criteria.BranchCoverage" PluginName="org.codecover"/>
<CritListEntry Name="org.codecover.model.utils.criteria.ConditionCoverage" PluginName="org.codecover"/>
<CritListEntry Name="org.codecover.model.utils.criteria.SynchronizedStatementCoverage" PluginName="org.codecover"/>
<CritListEntry Name="org.codecover.model.utils.criteria.QMOCoverage" PluginName="org.codecover"/>
<CritListEntry Name="org.codecover.model.utils.criteria.StatementCoverage" PluginName="org.codecover"/>
</CritList>
<BoolOpList>
<BoolOp Arity="2" Intrnl_Id="5" Name="conditional and (&amp;&amp;)">
<BoolAssgnmntBoolMapList>
<MapEntry BoolAssgnmnt="10" Value="false"/>
<MapEntry BoolAssgnmnt="02" Value="false"/>
<MapEntry BoolAssgnmnt="11" Value="true"/>
</BoolAssgnmntBoolMapList>
</BoolOp>
</BoolOpList>
<HierarchyLvlTypeList>
<HierarchyLvlType EnglishName="package" IntrnlName="package" Intrnl_Id="6"/>
<HierarchyLvlType EnglishName="class" IntrnlName="class" Intrnl_Id="7"/>
<HierarchyLvlType EnglishName="method" IntrnlName="method" Intrnl_Id="8"/>
<HierarchyLvlType EnglishName="default package" IntrnlName="default package" Intrnl_Id="9"/>
<HierarchyLvlType EnglishName="interface" IntrnlName="interface" Intrnl_Id="10"/>
</HierarchyLvlTypeList>
<MASTRoot>
<HierarchyLvl HierarchyLvlId="31" HierarchyLvlTypeId="9" Intrnl_Id="11" Name="default package">
<Header/>
<LocList/>
<HierarchyLvl HierarchyLvlId="30" HierarchyLvlTypeId="6" Intrnl_Id="12" Name="blackjack">
<Header/>
<LocList/>
<HierarchyLvl HierarchyLvlId="4" HierarchyLvlTypeId="7" Intrnl_Id="13" Name="Randomizer">
<Header>
<Loc EndOffset="116" SrcFileId="1" StartOffset="69"/>
</Header>
<LocList>
<Loc EndOffset="402" SrcFileId="1" StartOffset="69"/>
</LocList>
<HierarchyLvl HierarchyLvlId="2" HierarchyLvlTypeId="8" Intrnl_Id="14" Name="Randomizer">
<Header>
<Loc EndOffset="160" SrcFileId="1" StartOffset="141"/>
</Header>
<LocList>
<Loc EndOffset="222" SrcFileId="1" StartOffset="141"/>
</LocList>
</HierarchyLvl>
<HierarchyLvl HierarchyLvlId="3" HierarchyLvlTypeId="8" Intrnl_Id="15" Name="getCard">
<Header>
<Loc EndOffset="332" SrcFileId="1" StartOffset="297"/>
</Header>
<LocList>
<Loc EndOffset="397" SrcFileId="1" StartOffset="297"/>
</LocList>
<StmntSeq Intrnl_Id="16">
<LocList>
<Loc EndOffset="359" SrcFileId="1" StartOffset="338"/>
</LocList>
<BasicStmnt CovItemId="S1" CovItemPrefix="blackjack.Randomizer.java" Intrnl_Id="17">
<LocList>
<Loc EndOffset="359" SrcFileId="1" StartOffset="338"/>
</LocList>
</BasicStmnt>
</StmntSeq>
</HierarchyLvl>
</HierarchyLvl>
<HierarchyLvl HierarchyLvlId="6" HierarchyLvlTypeId="10" Intrnl_Id="18" Name="Randomizable">
<Header>
<Loc EndOffset="98" SrcFileId="2" StartOffset="69"/>
</Header>
<LocList>
<Loc EndOffset="130" SrcFileId="2" StartOffset="69"/>
</LocList>
<HierarchyLvl HierarchyLvlId="5" HierarchyLvlTypeId="8" Intrnl_Id="19" Name="getCard">
<Header>
<Loc EndOffset="126" SrcFileId="2" StartOffset="103"/>
</Header>
<LocList>
<Loc EndOffset="127" SrcFileId="2" StartOffset="103"/>
</LocList>
</HierarchyLvl>
</HierarchyLvl>
<HierarchyLvl HierarchyLvlId="9" HierarchyLvlTypeId="7" Intrnl_Id="20" Name="Black">
<Header>
<Loc EndOffset="85" SrcFileId="3" StartOffset="52"/>
</Header>
<LocList>
<Loc EndOffset="626" SrcFileId="3" StartOffset="52"/>
</LocList>
<StmntSeq Intrnl_Id="21">
<LocList>
<Loc EndOffset="227" SrcFileId="3" StartOffset="161"/>
</LocList>
<BasicStmnt CovItemId="S1" CovItemPrefix="blackjack.Black.java" Intrnl_Id="22">
<LocList>
<Loc EndOffset="227" SrcFileId="3" StartOffset="161"/>
</LocList>
</BasicStmnt>
</StmntSeq>
<HierarchyLvl HierarchyLvlId="7" HierarchyLvlTypeId="8" Intrnl_Id="23" Name="Black">
<Header>
<Loc EndOffset="246" SrcFileId="3" StartOffset="232"/>
</Header>
<LocList>
<Loc EndOffset="527" SrcFileId="3" StartOffset="232"/>
</LocList>
<StmntSeq Intrnl_Id="24">
<LocList>
<Loc EndOffset="306" SrcFileId="3" StartOffset="267"/>
<Loc EndOffset="347" SrcFileId="3" StartOffset="310"/>
<Loc EndOffset="380" SrcFileId="3" StartOffset="351"/>
<Loc EndOffset="394" SrcFileId="3" StartOffset="384"/>
<Loc EndOffset="427" SrcFileId="3" StartOffset="398"/>
<Loc EndOffset="448" SrcFileId="3" StartOffset="431"/>
<Loc EndOffset="472" SrcFileId="3" StartOffset="452"/>
<Loc EndOffset="523" SrcFileId="3" StartOffset="476"/>
</LocList>
<BasicStmnt CovItemId="S2" CovItemPrefix="blackjack.Black.java" Intrnl_Id="25">
<LocList>
<Loc EndOffset="306" SrcFileId="3" StartOffset="267"/>
</LocList>
</BasicStmnt>
<BasicStmnt CovItemId="S3" CovItemPrefix="blackjack.Black.java" Intrnl_Id="26">
<LocList>
<Loc EndOffset="347" SrcFileId="3" StartOffset="310"/>
</LocList>
</BasicStmnt>
<BasicStmnt CovItemId="S4" CovItemPrefix="blackjack.Black.java" Intrnl_Id="27">
<LocList>
<Loc EndOffset="380" SrcFileId="3" StartOffset="351"/>
</LocList>
</BasicStmnt>
<BasicStmnt CovItemId="S5" CovItemPrefix="blackjack.Black.java" Intrnl_Id="28">
<LocList>
<Loc EndOffset="394" SrcFileId="3" StartOffset="384"/>
</LocList>
</BasicStmnt>
<BasicStmnt CovItemId="S6" CovItemPrefix="blackjack.Black.java" Intrnl_Id="29">
<LocList>
<Loc EndOffset="427" SrcFileId="3" StartOffset="398"/>
</LocList>
</BasicStmnt>
<BasicStmnt CovItemId="S7" CovItemPrefix="blackjack.Black.java" Intrnl_Id="30">
<LocList>
<Loc EndOffset="448" SrcFileId="3" StartOffset="431"/>
</LocList>
</BasicStmnt>
<BasicStmnt CovItemId="S8" CovItemPrefix="blackjack.Black.java" Intrnl_Id="31">
<LocList>
<Loc EndOffset="472" SrcFileId="3" StartOffset="452"/>
</LocList>
</BasicStmnt>
<BasicStmnt CovItemId="S9" CovItemPrefix="blackjack.Black.java" Intrnl_Id="32">
<LocList>
<Loc EndOffset="523" SrcFileId="3" StartOffset="476"/>
</LocList>
</BasicStmnt>
</StmntSeq>
</HierarchyLvl>
<HierarchyLvl HierarchyLvlId="8" HierarchyLvlTypeId="8" Intrnl_Id="33" Name="main">
<Header>
<Loc EndOffset="569" SrcFileId="3" StartOffset="531"/>
</Header>
<LocList>
<Loc EndOffset="621" SrcFileId="3" StartOffset="531"/>
</LocList>
<StmntSeq Intrnl_Id="34">
<LocList>
<Loc EndOffset="615" SrcFileId="3" StartOffset="603"/>
</LocList>
<BasicStmnt CovItemId="S10" CovItemPrefix="blackjack.Black.java" Intrnl_Id="35">
<LocList>
<Loc EndOffset="615" SrcFileId="3" StartOffset="603"/>
</LocList>
</BasicStmnt>
</StmntSeq>
</HierarchyLvl>
</HierarchyLvl>
<HierarchyLvl HierarchyLvlId="29" HierarchyLvlTypeId="7" Intrnl_Id="36" Name="Apple">
<Header>
<Loc EndOffset="336" SrcFileId="4" StartOffset="303"/>
</Header>
<LocList>
<Loc EndOffset="428" SrcFileId="4" StartOffset="303"/>
<Loc EndOffset="6149" SrcFileId="4" StartOffset="1730"/>
</LocList>
<StmntSeq Intrnl_Id="37">
<LocList>
<Loc EndOffset="1802" SrcFileId="4" StartOffset="1735"/>
<Loc EndOffset="1898" SrcFileId="4" StartOffset="1805"/>
<Loc EndOffset="2111" SrcFileId="4" StartOffset="2084"/>
</LocList>
<BasicStmnt CovItemId="S32" CovItemPrefix="blackjack.Apple.java" Intrnl_Id="38">
<LocList>
<Loc EndOffset="1802" SrcFileId="4" StartOffset="1735"/>
</LocList>
</BasicStmnt>
<BasicStmnt CovItemId="S33" CovItemPrefix="blackjack.Apple.java" Intrnl_Id="39">
<LocList>
<Loc EndOffset="1898" SrcFileId="4" StartOffset="1805"/>
</LocList>
</BasicStmnt>
<BasicStmnt CovItemId="S34" CovItemPrefix="blackjack.Apple.java" Intrnl_Id="40">
<LocList>
<Loc EndOffset="2111" SrcFileId="4" StartOffset="2084"/>
</LocList>
</BasicStmnt>
</StmntSeq>
<HierarchyLvl HierarchyLvlId="11" HierarchyLvlTypeId="7" Intrnl_Id="41" Name="Ascoltatore">
<Header>
<Loc EndOffset="478" SrcFileId="4" StartOffset="428"/>
</Header>
<LocList>
<Loc EndOffset="1730" SrcFileId="4" StartOffset="428"/>
</LocList>
<HierarchyLvl HierarchyLvlId="10" HierarchyLvlTypeId="8" Intrnl_Id="42" Name="actionPerformed">
<Header>
<Loc EndOffset="584" SrcFileId="4" StartOffset="542"/>
</Header>
<LocList>
<Loc EndOffset="1724" SrcFileId="4" StartOffset="542"/>
</LocList>
<StmntSeq Intrnl_Id="43">
<LocList>
<Loc EndOffset="625" SrcFileId="4" StartOffset="591"/>
<Loc EndOffset="969" SrcFileId="4" StartOffset="632"/>
<Loc EndOffset="1475" SrcFileId="4" StartOffset="976"/>
<Loc EndOffset="1719" SrcFileId="4" StartOffset="1480"/>
</LocList>
<BasicStmnt CovItemId="S1" CovItemPrefix="blackjack.Apple.java" Intrnl_Id="44">
<LocList>
<Loc EndOffset="625" SrcFileId="4" StartOffset="591"/>
</LocList>
</BasicStmnt>
<CondStmnt CovItemId="S2" CovItemPrefix="blackjack.Apple.java" Intrnl_Id="45">
<Branch CovItemId="B1" CovItemPrefix="blackjack.Apple.java" Implct="false" Intrnl_Id="46">
<Cond/>
<LocList>
<Loc EndOffset="969" SrcFileId="4" StartOffset="652"/>
</LocList>
<StmntSeq Intrnl_Id="47">
<LocList>
<Loc EndOffset="677" SrcFileId="4" StartOffset="659"/>
<Loc EndOffset="708" SrcFileId="4" StartOffset="683"/>
<Loc EndOffset="758" SrcFileId="4" StartOffset="714"/>
<Loc EndOffset="789" SrcFileId="4" StartOffset="764"/>
<Loc EndOffset="830" SrcFileId="4" StartOffset="795"/>
<Loc EndOffset="851" SrcFileId="4" StartOffset="836"/>
<Loc EndOffset="869" SrcFileId="4" StartOffset="857"/>
<Loc EndOffset="945" SrcFileId="4" StartOffset="875"/>
<Loc EndOffset="963" SrcFileId="4" StartOffset="951"/>
</LocList>
<BasicStmnt CovItemId="S3" CovItemPrefix="blackjack.Apple.java" Intrnl_Id="48">
<LocList>
<Loc EndOffset="677" SrcFileId="4" StartOffset="659"/>
</LocList>
</BasicStmnt>
<BasicStmnt CovItemId="S4" CovItemPrefix="blackjack.Apple.java" Intrnl_Id="49">
<LocList>
<Loc EndOffset="708" SrcFileId="4" StartOffset="683"/>
</LocList>
</BasicStmnt>
<BasicStmnt CovItemId="S5" CovItemPrefix="blackjack.Apple.java" Intrnl_Id="50">
<LocList>
<Loc EndOffset="758" SrcFileId="4" StartOffset="714"/>
</LocList>
</BasicStmnt>
<BasicStmnt CovItemId="S6" CovItemPrefix="blackjack.Apple.java" Intrnl_Id="51">
<LocList>
<Loc EndOffset="789" SrcFileId="4" StartOffset="764"/>
</LocList>
</BasicStmnt>
<BasicStmnt CovItemId="S7" CovItemPrefix="blackjack.Apple.java" Intrnl_Id="52">
<LocList>
<Loc EndOffset="830" SrcFileId="4" StartOffset="795"/>
</LocList>
</BasicStmnt>
<BasicStmnt CovItemId="S8" CovItemPrefix="blackjack.Apple.java" Intrnl_Id="53">
<LocList>
<Loc EndOffset="851" SrcFileId="4" StartOffset="836"/>
</LocList>
</BasicStmnt>
<BasicStmnt CovItemId="S9" CovItemPrefix="blackjack.Apple.java" Intrnl_Id="54">
<LocList>
<Loc EndOffset="869" SrcFileId="4" StartOffset="857"/>
</LocList>
</BasicStmnt>
<CondStmnt CovItemId="S10" CovItemPrefix="blackjack.Apple.java" Intrnl_Id="55">
<Branch CovItemId="B3" CovItemPrefix="blackjack.Apple.java" Implct="false" Intrnl_Id="56">
<Cond/>
<LocList>
<Loc EndOffset="945" SrcFileId="4" StartOffset="899"/>
</LocList>
<StmntSeq Intrnl_Id="57">
<LocList>
<Loc EndOffset="945" SrcFileId="4" StartOffset="899"/>
</LocList>
<BasicStmnt CovItemId="S11" CovItemPrefix="blackjack.Apple.java" Intrnl_Id="58">
<LocList>
<Loc EndOffset="945" SrcFileId="4" StartOffset="899"/>
</LocList>
</BasicStmnt>
</StmntSeq>
</Branch>
<Branch CovItemId="B4" CovItemPrefix="blackjack.Apple.java" Implct="true" Intrnl_Id="59">
<Cond/>
<LocList/>
<StmntSeq Intrnl_Id="60">
<LocList/>
</StmntSeq>
</Branch>
<Keyword EndOffset="877" SrcFileId="4" StartOffset="875"/>
<LocList>
<Loc EndOffset="945" SrcFileId="4" StartOffset="875"/>
</LocList>
<RootTerm CovItemId="C2" CovItemPrefix="blackjack.Apple.java" Intrnl_Id="61">
<BasicBoolTerm Intrnl_Id="62">
<LocList>
<Loc EndOffset="891" SrcFileId="4" StartOffset="879"/>
</LocList>
</BasicBoolTerm>
</RootTerm>
</CondStmnt>
<BasicStmnt CovItemId="S12" CovItemPrefix="blackjack.Apple.java" Intrnl_Id="63">
<LocList>
<Loc EndOffset="963" SrcFileId="4" StartOffset="951"/>
</LocList>
</BasicStmnt>
</StmntSeq>
</Branch>
<Branch CovItemId="B2" CovItemPrefix="blackjack.Apple.java" Implct="true" Intrnl_Id="64">
<Cond/>
<LocList/>
<StmntSeq Intrnl_Id="65">
<LocList/>
</StmntSeq>
</Branch>
<Keyword EndOffset="634" SrcFileId="4" StartOffset="632"/>
<LocList>
<Loc EndOffset="969" SrcFileId="4" StartOffset="632"/>
</LocList>
<RootTerm CovItemId="C1" CovItemPrefix="blackjack.Apple.java" Intrnl_Id="66">
<BasicBoolTerm Intrnl_Id="67">
<LocList>
<Loc EndOffset="650" SrcFileId="4" StartOffset="636"/>
</LocList>
</BasicBoolTerm>
</RootTerm>
</CondStmnt>
<CondStmnt CovItemId="S13" CovItemPrefix="blackjack.Apple.java" Intrnl_Id="68">
<Branch CovItemId="B5" CovItemPrefix="blackjack.Apple.java" Implct="false" Intrnl_Id="69">
<Cond/>
<LocList>
<Loc EndOffset="1475" SrcFileId="4" StartOffset="996"/>
</LocList>
<StmntSeq Intrnl_Id="70">
<LocList>
<Loc EndOffset="1469" SrcFileId="4" StartOffset="1003"/>
</LocList>
<CondStmnt CovItemId="S14" CovItemPrefix="blackjack.Apple.java" Intrnl_Id="71">
<Branch CovItemId="B7" CovItemPrefix="blackjack.Apple.java" Implct="false" Intrnl_Id="72">
<Cond/>
<LocList>
<Loc EndOffset="1367" SrcFileId="4" StartOffset="1020"/>
</LocList>
<StmntSeq Intrnl_Id="73">
<LocList>
<Loc EndOffset="1063" SrcFileId="4" StartOffset="1028"/>
<Loc EndOffset="1085" SrcFileId="4" StartOffset="1070"/>
<Loc EndOffset="1104" SrcFileId="4" StartOffset="1092"/>
<Loc EndOffset="1360" SrcFileId="4" StartOffset="1111"/>
</LocList>
<BasicStmnt CovItemId="S15" CovItemPrefix="blackjack.Apple.java" Intrnl_Id="74">
<LocList>
<Loc EndOffset="1063" SrcFileId="4" StartOffset="1028"/>
</LocList>
</BasicStmnt>
<BasicStmnt CovItemId="S16" CovItemPrefix="blackjack.Apple.java" Intrnl_Id="75">
<LocList>
<Loc EndOffset="1085" SrcFileId="4" StartOffset="1070"/>
</LocList>
</BasicStmnt>
<BasicStmnt CovItemId="S17" CovItemPrefix="blackjack.Apple.java" Intrnl_Id="76">
<LocList>
<Loc EndOffset="1104" SrcFileId="4" StartOffset="1092"/>
</LocList>
</BasicStmnt>
<CondStmnt CovItemId="S18" CovItemPrefix="blackjack.Apple.java" Intrnl_Id="77">
<Branch CovItemId="B9" CovItemPrefix="blackjack.Apple.java" Implct="false" Intrnl_Id="78">
<Cond/>
<LocList>
<Loc EndOffset="1301" SrcFileId="4" StartOffset="1128"/>
</LocList>
<StmntSeq Intrnl_Id="79">
<LocList>
<Loc EndOffset="1162" SrcFileId="4" StartOffset="1137"/>
<Loc EndOffset="1181" SrcFileId="4" StartOffset="1170"/>
<Loc EndOffset="1204" SrcFileId="4" StartOffset="1189"/>
<Loc EndOffset="1293" SrcFileId="4" StartOffset="1212"/>
</LocList>
<BasicStmnt CovItemId="S19" CovItemPrefix="blackjack.Apple.java" Intrnl_Id="80">
<LocList>
<Loc EndOffset="1162" SrcFileId="4" StartOffset="1137"/>
</LocList>
</BasicStmnt>
<BasicStmnt CovItemId="S20" CovItemPrefix="blackjack.Apple.java" Intrnl_Id="81">
<LocList>
<Loc EndOffset="1181" SrcFileId="4" StartOffset="1170"/>
</LocList>
</BasicStmnt>
<BasicStmnt CovItemId="S21" CovItemPrefix="blackjack.Apple.java" Intrnl_Id="82">
<LocList>
<Loc EndOffset="1204" SrcFileId="4" StartOffset="1189"/>
</LocList>
</BasicStmnt>
<BasicStmnt CovItemId="S22" CovItemPrefix="blackjack.Apple.java" Intrnl_Id="83">
<LocList>
<Loc EndOffset="1293" SrcFileId="4" StartOffset="1212"/>
</LocList>
</BasicStmnt>
</StmntSeq>
</Branch>
<Branch CovItemId="B10" CovItemPrefix="blackjack.Apple.java" Implct="false" Intrnl_Id="84">
<Cond>
<Loc EndOffset="1306" SrcFileId="4" StartOffset="1302"/>
</Cond>
<LocList>
<Loc EndOffset="1360" SrcFileId="4" StartOffset="1307"/>
</LocList>
<StmntSeq Intrnl_Id="85">
<LocList>
<Loc EndOffset="1360" SrcFileId="4" StartOffset="1307"/>
</LocList>
<CondStmnt CovItemId="S23" CovItemPrefix="blackjack.Apple.java" Intrnl_Id="86">
<Branch CovItemId="B11" CovItemPrefix="blackjack.Apple.java" Implct="false" Intrnl_Id="87">
<Cond/>
<LocList>
<Loc EndOffset="1360" SrcFileId="4" StartOffset="1332"/>
</LocList>
<StmntSeq Intrnl_Id="88">
<LocList>
<Loc EndOffset="1360" SrcFileId="4" StartOffset="1332"/>
</LocList>
<BasicStmnt CovItemId="S24" CovItemPrefix="blackjack.Apple.java" Intrnl_Id="89">
<LocList>
<Loc EndOffset="1360" SrcFileId="4" StartOffset="1332"/>
</LocList>
</BasicStmnt>
</StmntSeq>
</Branch>
<Branch CovItemId="B12" CovItemPrefix="blackjack.Apple.java" Implct="true" Intrnl_Id="90">
<Cond/>
<LocList/>
<StmntSeq Intrnl_Id="91">
<LocList/>
</StmntSeq>
</Branch>
<Keyword EndOffset="1309" SrcFileId="4" StartOffset="1307"/>
<LocList>
<Loc EndOffset="1360" SrcFileId="4" StartOffset="1307"/>
</LocList>
<RootTerm CovItemId="C6" CovItemPrefix="blackjack.Apple.java" Intrnl_Id="92">
<BasicBoolTerm Intrnl_Id="93">
<LocList>
<Loc EndOffset="1323" SrcFileId="4" StartOffset="1311"/>
</LocList>
</BasicBoolTerm>
</RootTerm>
</CondStmnt>
</StmntSeq>
</Branch>
<Keyword EndOffset="1113" SrcFileId="4" StartOffset="1111"/>
<LocList>
<Loc EndOffset="1360" SrcFileId="4" StartOffset="1111"/>
</LocList>
<RootTerm CovItemId="C5" CovItemPrefix="blackjack.Apple.java" Intrnl_Id="94">
<BasicBoolTerm Intrnl_Id="95">
<LocList>
<Loc EndOffset="1126" SrcFileId="4" StartOffset="1115"/>
</LocList>
</BasicBoolTerm>
</RootTerm>
</CondStmnt>
</StmntSeq>
</Branch>
<Branch CovItemId="B8" CovItemPrefix="blackjack.Apple.java" Implct="false" Intrnl_Id="96">
<Cond>
<Loc EndOffset="1372" SrcFileId="4" StartOffset="1368"/>
</Cond>
<LocList>
<Loc EndOffset="1469" SrcFileId="4" StartOffset="1379"/>
</LocList>
<StmntSeq Intrnl_Id="97">
<LocList>
<Loc EndOffset="1469" SrcFileId="4" StartOffset="1379"/>
</LocList>
<BasicStmnt CovItemId="S25" CovItemPrefix="blackjack.Apple.java" Intrnl_Id="98">
<LocList>
<Loc EndOffset="1469" SrcFileId="4" StartOffset="1379"/>
</LocList>
</BasicStmnt>
</StmntSeq>
</Branch>
<Keyword EndOffset="1005" SrcFileId="4" StartOffset="1003"/>
<LocList>
<Loc EndOffset="1469" SrcFileId="4" StartOffset="1003"/>
</LocList>
<RootTerm CovItemId="C4" CovItemPrefix="blackjack.Apple.java" Intrnl_Id="99">
<BasicBoolTerm Intrnl_Id="100">
<LocList>
<Loc EndOffset="1018" SrcFileId="4" StartOffset="1007"/>
</LocList>
</BasicBoolTerm>
</RootTerm>
</CondStmnt>
</StmntSeq>
</Branch>
<Branch CovItemId="B6" CovItemPrefix="blackjack.Apple.java" Implct="true" Intrnl_Id="101">
<Cond/>
<LocList/>
<StmntSeq Intrnl_Id="102">
<LocList/>
</StmntSeq>
</Branch>
<Keyword EndOffset="978" SrcFileId="4" StartOffset="976"/>
<LocList>
<Loc EndOffset="1475" SrcFileId="4" StartOffset="976"/>
</LocList>
<RootTerm CovItemId="C3" CovItemPrefix="blackjack.Apple.java" Intrnl_Id="103">
<BasicBoolTerm Intrnl_Id="104">
<LocList>
<Loc EndOffset="994" SrcFileId="4" StartOffset="980"/>
</LocList>
</BasicBoolTerm>
</RootTerm>
</CondStmnt>
<CondStmnt CovItemId="S26" CovItemPrefix="blackjack.Apple.java" Intrnl_Id="105">
<Branch CovItemId="B13" CovItemPrefix="blackjack.Apple.java" Implct="false" Intrnl_Id="106">
<Cond/>
<LocList>
<Loc EndOffset="1719" SrcFileId="4" StartOffset="1498"/>
</LocList>
<StmntSeq Intrnl_Id="107">
<LocList>
<Loc EndOffset="1713" SrcFileId="4" StartOffset="1505"/>
</LocList>
<CondStmnt CovItemId="S27" CovItemPrefix="blackjack.Apple.java" Intrnl_Id="108">
<Branch CovItemId="B15" CovItemPrefix="blackjack.Apple.java" Implct="false" Intrnl_Id="109">
<Cond/>
<LocList>
<Loc EndOffset="1611" SrcFileId="4" StartOffset="1522"/>
</LocList>
<StmntSeq Intrnl_Id="110">
<LocList>
<Loc EndOffset="1541" SrcFileId="4" StartOffset="1530"/>
<Loc EndOffset="1591" SrcFileId="4" StartOffset="1548"/>
<Loc EndOffset="1604" SrcFileId="4" StartOffset="1598"/>
</LocList>
<BasicStmnt CovItemId="S28" CovItemPrefix="blackjack.Apple.java" Intrnl_Id="111">
<LocList>
<Loc EndOffset="1541" SrcFileId="4" StartOffset="1530"/>
</LocList>
</BasicStmnt>
<BasicStmnt CovItemId="S29" CovItemPrefix="blackjack.Apple.java" Intrnl_Id="112">
<LocList>
<Loc EndOffset="1591" SrcFileId="4" StartOffset="1548"/>
</LocList>
</BasicStmnt>
<BasicStmnt CovItemId="S30" CovItemPrefix="blackjack.Apple.java" Intrnl_Id="113">
<LocList>
<Loc EndOffset="1604" SrcFileId="4" StartOffset="1598"/>
</LocList>
</BasicStmnt>
</StmntSeq>
</Branch>
<Branch CovItemId="B16" CovItemPrefix="blackjack.Apple.java" Implct="false" Intrnl_Id="114">
<Cond>
<Loc EndOffset="1616" SrcFileId="4" StartOffset="1612"/>
</Cond>
<LocList>
<Loc EndOffset="1713" SrcFileId="4" StartOffset="1623"/>
</LocList>
<StmntSeq Intrnl_Id="115">
<LocList>
<Loc EndOffset="1713" SrcFileId="4" StartOffset="1623"/>
</LocList>
<BasicStmnt CovItemId="S31" CovItemPrefix="blackjack.Apple.java" Intrnl_Id="116">
<LocList>
<Loc EndOffset="1713" SrcFileId="4" StartOffset="1623"/>
</LocList>
</BasicStmnt>
</StmntSeq>
</Branch>
<Keyword EndOffset="1507" SrcFileId="4" StartOffset="1505"/>
<LocList>
<Loc EndOffset="1713" SrcFileId="4" StartOffset="1505"/>
</LocList>
<RootTerm CovItemId="C8" CovItemPrefix="blackjack.Apple.java" Intrnl_Id="117">
<BasicBoolTerm Intrnl_Id="118">
<LocList>
<Loc EndOffset="1520" SrcFileId="4" StartOffset="1509"/>
</LocList>
</BasicBoolTerm>
</RootTerm>
</CondStmnt>
</StmntSeq>
</Branch>
<Branch CovItemId="B14" CovItemPrefix="blackjack.Apple.java" Implct="true" Intrnl_Id="119">
<Cond/>
<LocList/>
<StmntSeq Intrnl_Id="120">
<LocList/>
</StmntSeq>
</Branch>
<Keyword EndOffset="1482" SrcFileId="4" StartOffset="1480"/>
<LocList>
<Loc EndOffset="1719" SrcFileId="4" StartOffset="1480"/>
</LocList>
<RootTerm CovItemId="C7" CovItemPrefix="blackjack.Apple.java" Intrnl_Id="121">
<BasicBoolTerm Intrnl_Id="122">
<LocList>
<Loc EndOffset="1496" SrcFileId="4" StartOffset="1484"/>
</LocList>
</BasicBoolTerm>
</RootTerm>
</CondStmnt>
</StmntSeq>
</HierarchyLvl>
</HierarchyLvl>
<HierarchyLvl HierarchyLvlId="12" HierarchyLvlTypeId="8" Intrnl_Id="123" Name="Apple">
<Header>
<Loc EndOffset="2177" SrcFileId="4" StartOffset="2146"/>
</Header>
<LocList>
<Loc EndOffset="3262" SrcFileId="4" StartOffset="2146"/>
</LocList>
<StmntSeq Intrnl_Id="124">
<LocList>
<Loc EndOffset="2236" SrcFileId="4" StartOffset="2213"/>
<Loc EndOffset="2265" SrcFileId="4" StartOffset="2240"/>
<Loc EndOffset="2298" SrcFileId="4" StartOffset="2269"/>
<Loc EndOffset="2323" SrcFileId="4" StartOffset="2306"/>
<Loc EndOffset="2350" SrcFileId="4" StartOffset="2329"/>
<Loc EndOffset="2377" SrcFileId="4" StartOffset="2354"/>
<Loc EndOffset="2414" SrcFileId="4" StartOffset="2381"/>
<Loc EndOffset="2431" SrcFileId="4" StartOffset="2420"/>
<Loc EndOffset="2451" SrcFileId="4" StartOffset="2435"/>
<Loc EndOffset="2465" SrcFileId="4" StartOffset="2455"/>
<Loc EndOffset="2485" SrcFileId="4" StartOffset="2469"/>
<Loc EndOffset="2516" SrcFileId="4" StartOffset="2489"/>
<Loc EndOffset="2549" SrcFileId="4" StartOffset="2520"/>
<Loc EndOffset="2708" SrcFileId="4" StartOffset="2555"/>
<Loc EndOffset="2748" SrcFileId="4" StartOffset="2714"/>
<Loc EndOffset="2804" SrcFileId="4" StartOffset="2752"/>
<Loc EndOffset="2845" SrcFileId="4" StartOffset="2808"/>
<Loc EndOffset="2873" SrcFileId="4" StartOffset="2849"/>
<Loc EndOffset="2902" SrcFileId="4" StartOffset="2877"/>
<Loc EndOffset="2941" SrcFileId="4" StartOffset="2906"/>
<Loc EndOffset="2996" SrcFileId="4" StartOffset="2945"/>
<Loc EndOffset="3038" SrcFileId="4" StartOffset="3000"/>
<Loc EndOffset="3080" SrcFileId="4" StartOffset="3042"/>
<Loc EndOffset="3122" SrcFileId="4" StartOffset="3084"/>
<Loc EndOffset="3182" SrcFileId="4" StartOffset="3126"/>
<Loc EndOffset="3224" SrcFileId="4" StartOffset="3186"/>
<Loc EndOffset="3258" SrcFileId="4" StartOffset="3228"/>
</LocList>
<BasicStmnt CovItemId="S35" CovItemPrefix="blackjack.Apple.java" Intrnl_Id="125">
<LocList>
<Loc EndOffset="2236" SrcFileId="4" StartOffset="2213"/>
</LocList>
</BasicStmnt>
<BasicStmnt CovItemId="S36" CovItemPrefix="blackjack.Apple.java" Intrnl_Id="126">
<LocList>
<Loc EndOffset="2265" SrcFileId="4" StartOffset="2240"/>
</LocList>
</BasicStmnt>
<BasicStmnt CovItemId="S37" CovItemPrefix="blackjack.Apple.java" Intrnl_Id="127">
<LocList>
<Loc EndOffset="2298" SrcFileId="4" StartOffset="2269"/>
</LocList>
</BasicStmnt>
<BasicStmnt CovItemId="S38" CovItemPrefix="blackjack.Apple.java" Intrnl_Id="128">
<LocList>
<Loc EndOffset="2323" SrcFileId="4" StartOffset="2306"/>
</LocList>
</BasicStmnt>
<BasicStmnt CovItemId="S39" CovItemPrefix="blackjack.Apple.java" Intrnl_Id="129">
<LocList>
<Loc EndOffset="2350" SrcFileId="4" StartOffset="2329"/>
</LocList>
</BasicStmnt>
<BasicStmnt CovItemId="S40" CovItemPrefix="blackjack.Apple.java" Intrnl_Id="130">
<LocList>
<Loc EndOffset="2377" SrcFileId="4" StartOffset="2354"/>
</LocList>
</BasicStmnt>
<BasicStmnt CovItemId="S41" CovItemPrefix="blackjack.Apple.java" Intrnl_Id="131">
<LocList>
<Loc EndOffset="2414" SrcFileId="4" StartOffset="2381"/>
</LocList>
</BasicStmnt>
<BasicStmnt CovItemId="S42" CovItemPrefix="blackjack.Apple.java" Intrnl_Id="132">
<LocList>
<Loc EndOffset="2431" SrcFileId="4" StartOffset="2420"/>
</LocList>
</BasicStmnt>
<BasicStmnt CovItemId="S43" CovItemPrefix="blackjack.Apple.java" Intrnl_Id="133">
<LocList>
<Loc EndOffset="2451" SrcFileId="4" StartOffset="2435"/>
</LocList>
</BasicStmnt>
<BasicStmnt CovItemId="S44" CovItemPrefix="blackjack.Apple.java" Intrnl_Id="134">
<LocList>
<Loc EndOffset="2465" SrcFileId="4" StartOffset="2455"/>
</LocList>
</BasicStmnt>
<BasicStmnt CovItemId="S45" CovItemPrefix="blackjack.Apple.java" Intrnl_Id="135">
<LocList>
<Loc EndOffset="2485" SrcFileId="4" StartOffset="2469"/>
</LocList>
</BasicStmnt>
<BasicStmnt CovItemId="S46" CovItemPrefix="blackjack.Apple.java" Intrnl_Id="136">
<LocList>
<Loc EndOffset="2516" SrcFileId="4" StartOffset="2489"/>
</LocList>
</BasicStmnt>
<BasicStmnt CovItemId="S47" CovItemPrefix="blackjack.Apple.java" Intrnl_Id="137">
<LocList>
<Loc EndOffset="2549" SrcFileId="4" StartOffset="2520"/>
</LocList>
</BasicStmnt>
<LoopStmnt CovItemId="S48" CovItemPrefix="blackjack.Apple.java" Intrnl_Id="138" MltplExecId="L1-2" MltplExecPrefix="blackjack.Apple.java" NvrExecId="L1-0" NvrExecPrefix="blackjack.Apple.java" OnceExecutedId="L1-1" OnceExecutedPrefix="blackjack.Apple.java" OptBodyExec="true">
<StmntSeq Intrnl_Id="139">
<LocList>
<Loc EndOffset="2647" SrcFileId="4" StartOffset="2605"/>
<Loc EndOffset="2688" SrcFileId="4" StartOffset="2652"/>
<Loc EndOffset="2703" SrcFileId="4" StartOffset="2693"/>
</LocList>
<BasicStmnt CovItemId="S49" CovItemPrefix="blackjack.Apple.java" Intrnl_Id="140">
<LocList>
<Loc EndOffset="2647" SrcFileId="4" StartOffset="2605"/>
</LocList>
</BasicStmnt>
<BasicStmnt CovItemId="S50" CovItemPrefix="blackjack.Apple.java" Intrnl_Id="141">
<LocList>
<Loc EndOffset="2688" SrcFileId="4" StartOffset="2652"/>
</LocList>
</BasicStmnt>
<BasicStmnt CovItemId="S51" CovItemPrefix="blackjack.Apple.java" Intrnl_Id="142">
<LocList>
<Loc EndOffset="2703" SrcFileId="4" StartOffset="2693"/>
</LocList>
</BasicStmnt>
</StmntSeq>
<Keyword EndOffset="2558" SrcFileId="4" StartOffset="2555"/>
<LocList>
<Loc EndOffset="2708" SrcFileId="4" StartOffset="2555"/>
</LocList>
<RootTerm CovItemId="C9" CovItemPrefix="blackjack.Apple.java" Intrnl_Id="143">
<BasicBoolTerm Intrnl_Id="144">
<LocList>
<Loc EndOffset="2583" SrcFileId="4" StartOffset="2578"/>
</LocList>
</BasicBoolTerm>
</RootTerm>
</LoopStmnt>
<BasicStmnt CovItemId="S52" CovItemPrefix="blackjack.Apple.java" Intrnl_Id="145">
<LocList>
<Loc EndOffset="2748" SrcFileId="4" StartOffset="2714"/>
</LocList>
</BasicStmnt>
<BasicStmnt CovItemId="S53" CovItemPrefix="blackjack.Apple.java" Intrnl_Id="146">
<LocList>
<Loc EndOffset="2804" SrcFileId="4" StartOffset="2752"/>
</LocList>
</BasicStmnt>
<BasicStmnt CovItemId="S54" CovItemPrefix="blackjack.Apple.java" Intrnl_Id="147">
<LocList>
<Loc EndOffset="2845" SrcFileId="4" StartOffset="2808"/>
</LocList>
</BasicStmnt>
<BasicStmnt CovItemId="S55" CovItemPrefix="blackjack.Apple.java" Intrnl_Id="148">
<LocList>
<Loc EndOffset="2873" SrcFileId="4" StartOffset="2849"/>
</LocList>
</BasicStmnt>
<BasicStmnt CovItemId="S56" CovItemPrefix="blackjack.Apple.java" Intrnl_Id="149">
<LocList>
<Loc EndOffset="2902" SrcFileId="4" StartOffset="2877"/>
</LocList>
</BasicStmnt>
<BasicStmnt CovItemId="S57" CovItemPrefix="blackjack.Apple.java" Intrnl_Id="150">
<LocList>
<Loc EndOffset="2941" SrcFileId="4" StartOffset="2906"/>
</LocList>
</BasicStmnt>
<BasicStmnt CovItemId="S58" CovItemPrefix="blackjack.Apple.java" Intrnl_Id="151">
<LocList>
<Loc EndOffset="2996" SrcFileId="4" StartOffset="2945"/>
</LocList>
</BasicStmnt>
<BasicStmnt CovItemId="S59" CovItemPrefix="blackjack.Apple.java" Intrnl_Id="152">
<LocList>
<Loc EndOffset="3038" SrcFileId="4" StartOffset="3000"/>
</LocList>
</BasicStmnt>
<BasicStmnt CovItemId="S60" CovItemPrefix="blackjack.Apple.java" Intrnl_Id="153">
<LocList>
<Loc EndOffset="3080" SrcFileId="4" StartOffset="3042"/>
</LocList>
</BasicStmnt>
<BasicStmnt CovItemId="S61" CovItemPrefix="blackjack.Apple.java" Intrnl_Id="154">
<LocList>
<Loc EndOffset="3122" SrcFileId="4" StartOffset="3084"/>
</LocList>
</BasicStmnt>
<BasicStmnt CovItemId="S62" CovItemPrefix="blackjack.Apple.java" Intrnl_Id="155">
<LocList>
<Loc EndOffset="3182" SrcFileId="4" StartOffset="3126"/>
</LocList>
</BasicStmnt>
<BasicStmnt CovItemId="S63" CovItemPrefix="blackjack.Apple.java" Intrnl_Id="156">
<LocList>
<Loc EndOffset="3224" SrcFileId="4" StartOffset="3186"/>
</LocList>
</BasicStmnt>
<BasicStmnt CovItemId="S64" CovItemPrefix="blackjack.Apple.java" Intrnl_Id="157">
<LocList>
<Loc EndOffset="3258" SrcFileId="4" StartOffset="3228"/>
</LocList>
</BasicStmnt>
</StmntSeq>
</HierarchyLvl>
<HierarchyLvl HierarchyLvlId="13" HierarchyLvlTypeId="8" Intrnl_Id="158" Name="control">
<Header>
<Loc EndOffset="3292" SrcFileId="4" StartOffset="3267"/>
</Header>
<LocList>
<Loc EndOffset="3820" SrcFileId="4" StartOffset="3267"/>
</LocList>
<StmntSeq Intrnl_Id="159">
<LocList>
<Loc EndOffset="3522" SrcFileId="4" StartOffset="3435"/>
<Loc EndOffset="3814" SrcFileId="4" StartOffset="3526"/>
</LocList>
<CondStmnt CovItemId="S65" CovItemPrefix="blackjack.Apple.java" Intrnl_Id="160">
<Branch CovItemId="B17" CovItemPrefix="blackjack.Apple.java" Implct="false" Intrnl_Id="161">
<Cond/>
<LocList>
<Loc EndOffset="3522" SrcFileId="4" StartOffset="3458"/>
</LocList>
<StmntSeq Intrnl_Id="162">
<LocList>
<Loc EndOffset="3503" SrcFileId="4" StartOffset="3464"/>
<Loc EndOffset="3517" SrcFileId="4" StartOffset="3508"/>
</LocList>
<BasicStmnt CovItemId="S66" CovItemPrefix="blackjack.Apple.java" Intrnl_Id="163">
<LocList>
<Loc EndOffset="3503" SrcFileId="4" StartOffset="3464"/>
</LocList>
</BasicStmnt>
<BasicStmnt CovItemId="S67" CovItemPrefix="blackjack.Apple.java" Intrnl_Id="164">
<LocList>
<Loc EndOffset="3517" SrcFileId="4" StartOffset="3508"/>
</LocList>
</BasicStmnt>
</StmntSeq>
</Branch>
<Branch CovItemId="B18" CovItemPrefix="blackjack.Apple.java" Implct="true" Intrnl_Id="165">
<Cond/>
<LocList/>
<StmntSeq Intrnl_Id="166">
<LocList/>
</StmntSeq>
</Branch>
<Keyword EndOffset="3437" SrcFileId="4" StartOffset="3435"/>
<LocList>
<Loc EndOffset="3522" SrcFileId="4" StartOffset="3435"/>
</LocList>
<RootTerm CovItemId="C10" CovItemPrefix="blackjack.Apple.java" Intrnl_Id="167">
<OpTerm BooleanOpId="5" Intrnl_Id="168">
<BasicBoolTerm Intrnl_Id="169">
<LocList>
<Loc EndOffset="3445" SrcFileId="4" StartOffset="3439"/>
</LocList>
</BasicBoolTerm>
<BasicBoolTerm Intrnl_Id="170">
<LocList>
<Loc EndOffset="3456" SrcFileId="4" StartOffset="3449"/>
</LocList>
</BasicBoolTerm>
<LocList>
<Loc EndOffset="3448" SrcFileId="4" StartOffset="3446"/>
</LocList>
</OpTerm>
</RootTerm>
</CondStmnt>
<CondStmnt CovItemId="S68" CovItemPrefix="blackjack.Apple.java" Intrnl_Id="171">
<Branch CovItemId="B19" CovItemPrefix="blackjack.Apple.java" Implct="false" Intrnl_Id="172">
<Cond/>
<LocList>
<Loc EndOffset="3600" SrcFileId="4" StartOffset="3538"/>
</LocList>
<StmntSeq Intrnl_Id="173">
<LocList>
<Loc EndOffset="3580" SrcFileId="4" StartOffset="3544"/>
<Loc EndOffset="3595" SrcFileId="4" StartOffset="3585"/>
</LocList>
<BasicStmnt CovItemId="S69" CovItemPrefix="blackjack.Apple.java" Intrnl_Id="174">
<LocList>
<Loc EndOffset="3580" SrcFileId="4" StartOffset="3544"/>
</LocList>
</BasicStmnt>
<BasicStmnt CovItemId="S70" CovItemPrefix="blackjack.Apple.java" Intrnl_Id="175">
<LocList>
<Loc EndOffset="3595" SrcFileId="4" StartOffset="3585"/>
</LocList>
</BasicStmnt>
</StmntSeq>
</Branch>
<Branch CovItemId="B20" CovItemPrefix="blackjack.Apple.java" Implct="false" Intrnl_Id="176">
<Cond>
<Loc EndOffset="3605" SrcFileId="4" StartOffset="3601"/>
</Cond>
<LocList>
<Loc EndOffset="3814" SrcFileId="4" StartOffset="3606"/>
</LocList>
<StmntSeq Intrnl_Id="177">
<LocList>
<Loc EndOffset="3794" SrcFileId="4" StartOffset="3612"/>
<Loc EndOffset="3809" SrcFileId="4" StartOffset="3799"/>
</LocList>
<CondStmnt CovItemId="S71" CovItemPrefix="blackjack.Apple.java" Intrnl_Id="178">
<Branch CovItemId="B21" CovItemPrefix="blackjack.Apple.java" Implct="false" Intrnl_Id="179">
<Cond/>
<LocList>
<Loc EndOffset="3666" SrcFileId="4" StartOffset="3630"/>
</LocList>
<StmntSeq Intrnl_Id="180">
<LocList>
<Loc EndOffset="3666" SrcFileId="4" StartOffset="3630"/>
</LocList>
<BasicStmnt CovItemId="S72" CovItemPrefix="blackjack.Apple.java" Intrnl_Id="181">
<LocList>
<Loc EndOffset="3666" SrcFileId="4" StartOffset="3630"/>
</LocList>
</BasicStmnt>
</StmntSeq>
</Branch>
<Branch CovItemId="B22" CovItemPrefix="blackjack.Apple.java" Implct="false" Intrnl_Id="182">
<Cond>
<Loc EndOffset="3675" SrcFileId="4" StartOffset="3671"/>
</Cond>
<LocList>
<Loc EndOffset="3794" SrcFileId="4" StartOffset="3676"/>
</LocList>
<StmntSeq Intrnl_Id="183">
<LocList>
<Loc EndOffset="3794" SrcFileId="4" StartOffset="3676"/>
</LocList>
<CondStmnt CovItemId="S73" CovItemPrefix="blackjack.Apple.java" Intrnl_Id="184">
<Branch CovItemId="B23" CovItemPrefix="blackjack.Apple.java" Implct="false" Intrnl_Id="185">
<Cond/>
<LocList>
<Loc EndOffset="3730" SrcFileId="4" StartOffset="3694"/>
</LocList>
<StmntSeq Intrnl_Id="186">
<LocList>
<Loc EndOffset="3730" SrcFileId="4" StartOffset="3694"/>
</LocList>
<BasicStmnt CovItemId="S74" CovItemPrefix="blackjack.Apple.java" Intrnl_Id="187">
<LocList>
<Loc EndOffset="3730" SrcFileId="4" StartOffset="3694"/>
</LocList>
</BasicStmnt>
</StmntSeq>
</Branch>
<Branch CovItemId="B24" CovItemPrefix="blackjack.Apple.java" Implct="false" Intrnl_Id="188">
<Cond>
<Loc EndOffset="3739" SrcFileId="4" StartOffset="3735"/>
</Cond>
<LocList>
<Loc EndOffset="3794" SrcFileId="4" StartOffset="3740"/>
</LocList>
<StmntSeq Intrnl_Id="189">
<LocList>
<Loc EndOffset="3794" SrcFileId="4" StartOffset="3740"/>
</LocList>
<CondStmnt CovItemId="S75" CovItemPrefix="blackjack.Apple.java" Intrnl_Id="190">
<Branch CovItemId="B25" CovItemPrefix="blackjack.Apple.java" Implct="false" Intrnl_Id="191">
<Cond/>
<LocList>
<Loc EndOffset="3794" SrcFileId="4" StartOffset="3758"/>
</LocList>
<StmntSeq Intrnl_Id="192">
<LocList>
<Loc EndOffset="3794" SrcFileId="4" StartOffset="3758"/>
</LocList>
<BasicStmnt CovItemId="S76" CovItemPrefix="blackjack.Apple.java" Intrnl_Id="193">
<LocList>
<Loc EndOffset="3794" SrcFileId="4" StartOffset="3758"/>
</LocList>
</BasicStmnt>
</StmntSeq>
</Branch>
<Branch CovItemId="B26" CovItemPrefix="blackjack.Apple.java" Implct="true" Intrnl_Id="194">
<Cond/>
<LocList/>
<StmntSeq Intrnl_Id="195">
<LocList/>
</StmntSeq>
</Branch>
<Keyword EndOffset="3742" SrcFileId="4" StartOffset="3740"/>
<LocList>
<Loc EndOffset="3794" SrcFileId="4" StartOffset="3740"/>
</LocList>
<RootTerm CovItemId="C14" CovItemPrefix="blackjack.Apple.java" Intrnl_Id="196">
<BasicBoolTerm Intrnl_Id="197">
<LocList>
<Loc EndOffset="3751" SrcFileId="4" StartOffset="3744"/>
</LocList>
</BasicBoolTerm>
</RootTerm>
</CondStmnt>
</StmntSeq>
</Branch>
<Keyword EndOffset="3678" SrcFileId="4" StartOffset="3676"/>
<LocList>
<Loc EndOffset="3794" SrcFileId="4" StartOffset="3676"/>
</LocList>
<RootTerm CovItemId="C13" CovItemPrefix="blackjack.Apple.java" Intrnl_Id="198">
<BasicBoolTerm Intrnl_Id="199">
<LocList>
<Loc EndOffset="3687" SrcFileId="4" StartOffset="3680"/>
</LocList>
</BasicBoolTerm>
</RootTerm>
</CondStmnt>
</StmntSeq>
</Branch>
<Keyword EndOffset="3614" SrcFileId="4" StartOffset="3612"/>
<LocList>
<Loc EndOffset="3794" SrcFileId="4" StartOffset="3612"/>
</LocList>
<RootTerm CovItemId="C12" CovItemPrefix="blackjack.Apple.java" Intrnl_Id="200">
<BasicBoolTerm Intrnl_Id="201">
<LocList>
<Loc EndOffset="3623" SrcFileId="4" StartOffset="3616"/>
</LocList>
</BasicBoolTerm>
</RootTerm>
</CondStmnt>
<BasicStmnt CovItemId="S77" CovItemPrefix="blackjack.Apple.java" Intrnl_Id="202">
<LocList>
<Loc EndOffset="3809" SrcFileId="4" StartOffset="3799"/>
</LocList>
</BasicStmnt>
</StmntSeq>
</Branch>
<Keyword EndOffset="3528" SrcFileId="4" StartOffset="3526"/>
<LocList>
<Loc EndOffset="3814" SrcFileId="4" StartOffset="3526"/>
</LocList>
<RootTerm CovItemId="C11" CovItemPrefix="blackjack.Apple.java" Intrnl_Id="203">
<BasicBoolTerm Intrnl_Id="204">
<LocList>
<Loc EndOffset="3536" SrcFileId="4" StartOffset="3530"/>
</LocList>
</BasicBoolTerm>
</RootTerm>
</CondStmnt>
</StmntSeq>
</HierarchyLvl>
<HierarchyLvl HierarchyLvlId="14" HierarchyLvlTypeId="8" Intrnl_Id="205" Name="cpu">
<Header>
<Loc EndOffset="3842" SrcFileId="4" StartOffset="3825"/>
</Header>
<LocList>
<Loc EndOffset="4667" SrcFileId="4" StartOffset="3825"/>
</LocList>
<StmntSeq Intrnl_Id="206">
<LocList>
<Loc EndOffset="3973" SrcFileId="4" StartOffset="3935"/>
<Loc EndOffset="3996" SrcFileId="4" StartOffset="3977"/>
<Loc EndOffset="4036" SrcFileId="4" StartOffset="4000"/>
<Loc EndOffset="4055" SrcFileId="4" StartOffset="4040"/>
<Loc EndOffset="4068" SrcFileId="4" StartOffset="4059"/>
<Loc EndOffset="4349" SrcFileId="4" StartOffset="4072"/>
<Loc EndOffset="4649" SrcFileId="4" StartOffset="4353"/>
<Loc EndOffset="4661" SrcFileId="4" StartOffset="4653"/>
</LocList>
<BasicStmnt CovItemId="S78" CovItemPrefix="blackjack.Apple.java" Intrnl_Id="207">
<LocList>
<Loc EndOffset="3973" SrcFileId="4" StartOffset="3935"/>
</LocList>
</BasicStmnt>
<BasicStmnt CovItemId="S79" CovItemPrefix="blackjack.Apple.java" Intrnl_Id="208">
<LocList>
<Loc EndOffset="3996" SrcFileId="4" StartOffset="3977"/>
</LocList>
</BasicStmnt>
<BasicStmnt CovItemId="S80" CovItemPrefix="blackjack.Apple.java" Intrnl_Id="209">
<LocList>
<Loc EndOffset="4036" SrcFileId="4" StartOffset="4000"/>
</LocList>
</BasicStmnt>
<BasicStmnt CovItemId="S81" CovItemPrefix="blackjack.Apple.java" Intrnl_Id="210">
<LocList>
<Loc EndOffset="4055" SrcFileId="4" StartOffset="4040"/>
</LocList>
</BasicStmnt>
<BasicStmnt CovItemId="S82" CovItemPrefix="blackjack.Apple.java" Intrnl_Id="211">
<LocList>
<Loc EndOffset="4068" SrcFileId="4" StartOffset="4059"/>
</LocList>
</BasicStmnt>
<LoopStmnt CovItemId="S83" CovItemPrefix="blackjack.Apple.java" Intrnl_Id="212" MltplExecId="L2-2" MltplExecPrefix="blackjack.Apple.java" NvrExecId="L2-0" NvrExecPrefix="blackjack.Apple.java" OnceExecutedId="L2-1" OnceExecutedPrefix="blackjack.Apple.java" OptBodyExec="true">
<StmntSeq Intrnl_Id="213">
<LocList>
<Loc EndOffset="4321" SrcFileId="4" StartOffset="4285"/>
<Loc EndOffset="4344" SrcFileId="4" StartOffset="4326"/>
</LocList>
<BasicStmnt CovItemId="S84" CovItemPrefix="blackjack.Apple.java" Intrnl_Id="214">
<LocList>
<Loc EndOffset="4321" SrcFileId="4" StartOffset="4285"/>
</LocList>
</BasicStmnt>
<BasicStmnt CovItemId="S85" CovItemPrefix="blackjack.Apple.java" Intrnl_Id="215">
<LocList>
<Loc EndOffset="4344" SrcFileId="4" StartOffset="4326"/>
</LocList>
</BasicStmnt>
</StmntSeq>
<Keyword EndOffset="4077" SrcFileId="4" StartOffset="4072"/>
<LocList>
<Loc EndOffset="4349" SrcFileId="4" StartOffset="4072"/>
</LocList>
<RootTerm CovItemId="C15" CovItemPrefix="blackjack.Apple.java" Intrnl_Id="216">
<BasicBoolTerm Intrnl_Id="217">
<LocList>
<Loc EndOffset="4091" SrcFileId="4" StartOffset="4079"/>
</LocList>
</BasicBoolTerm>
</RootTerm>
</LoopStmnt>
<CondStmnt CovItemId="S86" CovItemPrefix="blackjack.Apple.java" Intrnl_Id="218">
<Branch CovItemId="B27" CovItemPrefix="blackjack.Apple.java" Implct="false" Intrnl_Id="219">
<Cond/>
<LocList>
<Loc EndOffset="4506" SrcFileId="4" StartOffset="4367"/>
</LocList>
<StmntSeq Intrnl_Id="220">
<LocList>
<Loc EndOffset="4395" SrcFileId="4" StartOffset="4373"/>
<Loc EndOffset="4418" SrcFileId="4" StartOffset="4400"/>
<Loc EndOffset="4501" SrcFileId="4" StartOffset="4423"/>
</LocList>
<BasicStmnt CovItemId="S87" CovItemPrefix="blackjack.Apple.java" Intrnl_Id="221">
<LocList>
<Loc EndOffset="4395" SrcFileId="4" StartOffset="4373"/>
</LocList>
</BasicStmnt>
<BasicStmnt CovItemId="S88" CovItemPrefix="blackjack.Apple.java" Intrnl_Id="222">
<LocList>
<Loc EndOffset="4418" SrcFileId="4" StartOffset="4400"/>
</LocList>
</BasicStmnt>
<BasicStmnt CovItemId="S89" CovItemPrefix="blackjack.Apple.java" Intrnl_Id="223">
<LocList>
<Loc EndOffset="4501" SrcFileId="4" StartOffset="4423"/>
</LocList>
</BasicStmnt>
</StmntSeq>
</Branch>
<Branch CovItemId="B28" CovItemPrefix="blackjack.Apple.java" Implct="false" Intrnl_Id="224">
<Cond>
<Loc EndOffset="4511" SrcFileId="4" StartOffset="4507"/>
</Cond>
<LocList>
<Loc EndOffset="4649" SrcFileId="4" StartOffset="4512"/>
</LocList>
<StmntSeq Intrnl_Id="225">
<LocList>
<Loc EndOffset="4541" SrcFileId="4" StartOffset="4518"/>
<Loc EndOffset="4561" SrcFileId="4" StartOffset="4546"/>
<Loc EndOffset="4644" SrcFileId="4" StartOffset="4566"/>
</LocList>
<BasicStmnt CovItemId="S90" CovItemPrefix="blackjack.Apple.java" Intrnl_Id="226">
<LocList>
<Loc EndOffset="4541" SrcFileId="4" StartOffset="4518"/>
</LocList>
</BasicStmnt>
<BasicStmnt CovItemId="S91" CovItemPrefix="blackjack.Apple.java" Intrnl_Id="227">
<LocList>
<Loc EndOffset="4561" SrcFileId="4" StartOffset="4546"/>
</LocList>
</BasicStmnt>
<BasicStmnt CovItemId="S92" CovItemPrefix="blackjack.Apple.java" Intrnl_Id="228">
<LocList>
<Loc EndOffset="4644" SrcFileId="4" StartOffset="4566"/>
</LocList>
</BasicStmnt>
</StmntSeq>
</Branch>
<Keyword EndOffset="4355" SrcFileId="4" StartOffset="4353"/>
<LocList>
<Loc EndOffset="4649" SrcFileId="4" StartOffset="4353"/>
</LocList>
<RootTerm CovItemId="C16" CovItemPrefix="blackjack.Apple.java" Intrnl_Id="229">
<BasicBoolTerm Intrnl_Id="230">
<LocList>
<Loc EndOffset="4365" SrcFileId="4" StartOffset="4357"/>
</LocList>
</BasicBoolTerm>
</RootTerm>
</CondStmnt>
<BasicStmnt CovItemId="S93" CovItemPrefix="blackjack.Apple.java" Intrnl_Id="231">
<LocList>
<Loc EndOffset="4661" SrcFileId="4" StartOffset="4653"/>
</LocList>
</BasicStmnt>
</StmntSeq>
</HierarchyLvl>
<HierarchyLvl HierarchyLvlId="15" HierarchyLvlTypeId="8" Intrnl_Id="232" Name="getArea">
<Header>
<Loc EndOffset="4698" SrcFileId="4" StartOffset="4672"/>
</Header>
<LocList>
<Loc EndOffset="4720" SrcFileId="4" StartOffset="4672"/>
</LocList>
<StmntSeq Intrnl_Id="233">
<LocList>
<Loc EndOffset="4716" SrcFileId="4" StartOffset="4704"/>
</LocList>
<BasicStmnt CovItemId="S94" CovItemPrefix="blackjack.Apple.java" Intrnl_Id="234">
<LocList>
<Loc EndOffset="4716" SrcFileId="4" StartOffset="4704"/>
</LocList>
</BasicStmnt>
</StmntSeq>
</HierarchyLvl>
<HierarchyLvl HierarchyLvlId="16" HierarchyLvlTypeId="8" Intrnl_Id="235" Name="getArea_scoreText">
<Header>
<Loc EndOffset="4794" SrcFileId="4" StartOffset="4761"/>
</Header>
<LocList>
<Loc EndOffset="4832" SrcFileId="4" StartOffset="4761"/>
</LocList>
<StmntSeq Intrnl_Id="236">
<LocList>
<Loc EndOffset="4828" SrcFileId="4" StartOffset="4800"/>
</LocList>
<BasicStmnt CovItemId="S95" CovItemPrefix="blackjack.Apple.java" Intrnl_Id="237">
<LocList>
<Loc EndOffset="4828" SrcFileId="4" StartOffset="4800"/>
</LocList>
</BasicStmnt>
</StmntSeq>
</HierarchyLvl>
<HierarchyLvl HierarchyLvlId="17" HierarchyLvlTypeId="8" Intrnl_Id="238" Name="getCpu">
<Header>
<Loc EndOffset="4885" SrcFileId="4" StartOffset="4866"/>
</Header>
<LocList>
<Loc EndOffset="4906" SrcFileId="4" StartOffset="4866"/>
</LocList>
<StmntSeq Intrnl_Id="239">
<LocList>
<Loc EndOffset="4902" SrcFileId="4" StartOffset="4891"/>
</LocList>
<BasicStmnt CovItemId="S96" CovItemPrefix="blackjack.Apple.java" Intrnl_Id="240">
<LocList>
<Loc EndOffset="4902" SrcFileId="4" StartOffset="4891"/>
</LocList>
</BasicStmnt>
</StmntSeq>
</HierarchyLvl>
<HierarchyLvl HierarchyLvlId="18" HierarchyLvlTypeId="8" Intrnl_Id="241" Name="getFieldText">
<Header>
<Loc EndOffset="4970" SrcFileId="4" StartOffset="4942"/>
</Header>
<LocList>
<Loc EndOffset="5003" SrcFileId="4" StartOffset="4942"/>
</LocList>
<StmntSeq Intrnl_Id="242">
<LocList>
<Loc EndOffset="4999" SrcFileId="4" StartOffset="4976"/>
</LocList>
<BasicStmnt CovItemId="S97" CovItemPrefix="blackjack.Apple.java" Intrnl_Id="243">
<LocList>
<Loc EndOffset="4999" SrcFileId="4" StartOffset="4976"/>
</LocList>
</BasicStmnt>
</StmntSeq>
</HierarchyLvl>
<HierarchyLvl HierarchyLvlId="19" HierarchyLvlTypeId="8" Intrnl_Id="244" Name="getPlayer">
<Header>
<Loc EndOffset="5062" SrcFileId="4" StartOffset="5040"/>
</Header>
<LocList>
<Loc EndOffset="5086" SrcFileId="4" StartOffset="5040"/>
</LocList>
<StmntSeq Intrnl_Id="245">
<LocList>
<Loc EndOffset="5082" SrcFileId="4" StartOffset="5068"/>
</LocList>
<BasicStmnt CovItemId="S98" CovItemPrefix="blackjack.Apple.java" Intrnl_Id="246">
<LocList>
<Loc EndOffset="5082" SrcFileId="4" StartOffset="5068"/>
</LocList>
</BasicStmnt>
</StmntSeq>
</HierarchyLvl>
<HierarchyLvl HierarchyLvlId="20" HierarchyLvlTypeId="8" Intrnl_Id="247" Name="getState_cpu">
<Header>
<Loc EndOffset="5151" SrcFileId="4" StartOffset="5126"/>
</Header>
<LocList>
<Loc EndOffset="5178" SrcFileId="4" StartOffset="5126"/>
</LocList>
<StmntSeq Intrnl_Id="248">
<LocList>
<Loc EndOffset="5174" SrcFileId="4" StartOffset="5157"/>
</LocList>
<BasicStmnt CovItemId="S99" CovItemPrefix="blackjack.Apple.java" Intrnl_Id="249">
<LocList>
<Loc EndOffset="5174" SrcFileId="4" StartOffset="5157"/>
</LocList>
</BasicStmnt>
</StmntSeq>
</HierarchyLvl>
<HierarchyLvl HierarchyLvlId="21" HierarchyLvlTypeId="8" Intrnl_Id="250" Name="getState_player">
<Header>
<Loc EndOffset="5249" SrcFileId="4" StartOffset="5221"/>
</Header>
<LocList>
<Loc EndOffset="5279" SrcFileId="4" StartOffset="5221"/>
</LocList>
<StmntSeq Intrnl_Id="251">
<LocList>
<Loc EndOffset="5275" SrcFileId="4" StartOffset="5255"/>
</LocList>
<BasicStmnt CovItemId="S100" CovItemPrefix="blackjack.Apple.java" Intrnl_Id="252">
<LocList>
<Loc EndOffset="5275" SrcFileId="4" StartOffset="5255"/>
</LocList>
</BasicStmnt>
</StmntSeq>
</HierarchyLvl>
<HierarchyLvl HierarchyLvlId="22" HierarchyLvlTypeId="8" Intrnl_Id="253" Name="setArea">
<Header>
<Loc EndOffset="5319" SrcFileId="4" StartOffset="5284"/>
</Header>
<LocList>
<Loc EndOffset="5346" SrcFileId="4" StartOffset="5284"/>
</LocList>
<StmntSeq Intrnl_Id="254">
<LocList>
<Loc EndOffset="5342" SrcFileId="4" StartOffset="5325"/>
</LocList>
<BasicStmnt CovItemId="S101" CovItemPrefix="blackjack.Apple.java" Intrnl_Id="255">
<LocList>
<Loc EndOffset="5342" SrcFileId="4" StartOffset="5325"/>
</LocList>
</BasicStmnt>
</StmntSeq>
</HierarchyLvl>
<HierarchyLvl HierarchyLvlId="23" HierarchyLvlTypeId="8" Intrnl_Id="256" Name="setArea_scoreText">
<Header>
<Loc EndOffset="5458" SrcFileId="4" StartOffset="5410"/>
</Header>
<LocList>
<Loc EndOffset="5504" SrcFileId="4" StartOffset="5410"/>
</LocList>
<StmntSeq Intrnl_Id="257">
<LocList>
<Loc EndOffset="5500" SrcFileId="4" StartOffset="5464"/>
</LocList>
<BasicStmnt CovItemId="S102" CovItemPrefix="blackjack.Apple.java" Intrnl_Id="258">
<LocList>
<Loc EndOffset="5500" SrcFileId="4" StartOffset="5464"/>
</LocList>
</BasicStmnt>
</StmntSeq>
</HierarchyLvl>
<HierarchyLvl HierarchyLvlId="24" HierarchyLvlTypeId="8" Intrnl_Id="259" Name="setCpu">
<Header>
<Loc EndOffset="5581" SrcFileId="4" StartOffset="5554"/>
</Header>
<LocList>
<Loc EndOffset="5606" SrcFileId="4" StartOffset="5554"/>
</LocList>
<StmntSeq Intrnl_Id="260">
<LocList>
<Loc EndOffset="5602" SrcFileId="4" StartOffset="5587"/>
</LocList>
<BasicStmnt CovItemId="S103" CovItemPrefix="blackjack.Apple.java" Intrnl_Id="261">
<LocList>
<Loc EndOffset="5602" SrcFileId="4" StartOffset="5587"/>
</LocList>
</BasicStmnt>
</StmntSeq>
</HierarchyLvl>
<HierarchyLvl HierarchyLvlId="25" HierarchyLvlTypeId="8" Intrnl_Id="262" Name="setFieldText">
<Header>
<Loc EndOffset="5698" SrcFileId="4" StartOffset="5660"/>
</Header>
<LocList>
<Loc EndOffset="5734" SrcFileId="4" StartOffset="5660"/>
</LocList>
<StmntSeq Intrnl_Id="263">
<LocList>
<Loc EndOffset="5730" SrcFileId="4" StartOffset="5704"/>
</LocList>
<BasicStmnt CovItemId="S104" CovItemPrefix="blackjack.Apple.java" Intrnl_Id="264">
<LocList>
<Loc EndOffset="5730" SrcFileId="4" StartOffset="5704"/>
</LocList>
</BasicStmnt>
</StmntSeq>
</HierarchyLvl>
<HierarchyLvl HierarchyLvlId="26" HierarchyLvlTypeId="8" Intrnl_Id="265" Name="setPlayer">
<Header>
<Loc EndOffset="5823" SrcFileId="4" StartOffset="5790"/>
</Header>
<LocList>
<Loc EndOffset="5854" SrcFileId="4" StartOffset="5790"/>
</LocList>
<StmntSeq Intrnl_Id="266">
<LocList>
<Loc EndOffset="5850" SrcFileId="4" StartOffset="5829"/>
</LocList>
<BasicStmnt CovItemId="S105" CovItemPrefix="blackjack.Apple.java" Intrnl_Id="267">
<LocList>
<Loc EndOffset="5850" SrcFileId="4" StartOffset="5829"/>
</LocList>
</BasicStmnt>
</StmntSeq>
</HierarchyLvl>
<HierarchyLvl HierarchyLvlId="27" HierarchyLvlTypeId="8" Intrnl_Id="268" Name="setState_cpu">
<Header>
<Loc EndOffset="5953" SrcFileId="4" StartOffset="5914"/>
</Header>
<LocList>
<Loc EndOffset="5990" SrcFileId="4" StartOffset="5914"/>
</LocList>
<StmntSeq Intrnl_Id="269">
<LocList>
<Loc EndOffset="5986" SrcFileId="4" StartOffset="5959"/>
</LocList>
<BasicStmnt CovItemId="S106" CovItemPrefix="blackjack.Apple.java" Intrnl_Id="270">
<LocList>
<Loc EndOffset="5986" SrcFileId="4" StartOffset="5959"/>
</LocList>
</BasicStmnt>
</StmntSeq>
</HierarchyLvl>
<HierarchyLvl HierarchyLvlId="28" HierarchyLvlTypeId="8" Intrnl_Id="271" Name="setState_player">
<Header>
<Loc EndOffset="6103" SrcFileId="4" StartOffset="6058"/>
</Header>
<LocList>
<Loc EndOffset="6146" SrcFileId="4" StartOffset="6058"/>
</LocList>
<StmntSeq Intrnl_Id="272">
<LocList>
<Loc EndOffset="6142" SrcFileId="4" StartOffset="6109"/>
</LocList>
<BasicStmnt CovItemId="S107" CovItemPrefix="blackjack.Apple.java" Intrnl_Id="273">
<LocList>
<Loc EndOffset="6142" SrcFileId="4" StartOffset="6109"/>
</LocList>
</BasicStmnt>
</StmntSeq>
</HierarchyLvl>
</HierarchyLvl>
</HierarchyLvl>
</HierarchyLvl>
</MASTRoot>
</TestSessionContainer>
